{"/Users/gink/Documents/QA Course/Github/courses/quality-courses/02.building-quality-into-code/01-refactor-to-testable/good_example.js": {"path":"/Users/gink/Documents/QA Course/Github/courses/quality-courses/02.building-quality-into-code/01-refactor-to-testable/good_example.js","statementMap":{"0":{"start":{"line":3,"column":15},"end":{"line":3,"column":49}},"1":{"start":{"line":4,"column":2},"end":{"line":4,"column":35}},"2":{"start":{"line":7,"column":0},"end":{"line":7,"column":36}}},"fnMap":{"0":{"name":"getWeatherGood","decl":{"start":{"line":2,"column":15},"end":{"line":2,"column":29}},"loc":{"start":{"line":2,"column":47},"end":{"line":5,"column":1}},"line":2}},"branchMap":{},"s":{"0":1,"1":1,"2":1},"f":{"0":1},"b":{},"_coverageSchema":"1a1c01bbd47fc00a2c39e90264f33305004495a9","hash":"5368431170a365a29ff25255c2e70127750a7d5d"}
,"/Users/gink/Documents/QA Course/Github/courses/quality-courses/02.building-quality-into-code/02-aaa-pattern/calculator.js": {"path":"/Users/gink/Documents/QA Course/Github/courses/quality-courses/02.building-quality-into-code/02-aaa-pattern/calculator.js","statementMap":{"0":{"start":{"line":1,"column":20},"end":{"line":1,"column":33}},"1":{"start":{"line":3,"column":0},"end":{"line":3,"column":25}}},"fnMap":{"0":{"name":"add","decl":{"start":{"line":1,"column":9},"end":{"line":1,"column":12}},"loc":{"start":{"line":1,"column":18},"end":{"line":1,"column":35}},"line":1}},"branchMap":{},"s":{"0":1,"1":1},"f":{"0":1},"b":{},"_coverageSchema":"1a1c01bbd47fc00a2c39e90264f33305004495a9","hash":"1574c01cbdcc93d7b3cc0a9eba6614565e5a4b38"}
,"/Users/gink/Documents/QA Course/Github/courses/quality-courses/02.building-quality-into-code/03-avoid-brittle/ui.js": {"path":"/Users/gink/Documents/QA Course/Github/courses/quality-courses/02.building-quality-into-code/03-avoid-brittle/ui.js","statementMap":{"0":{"start":{"line":2,"column":13},"end":{"line":2,"column":41}},"1":{"start":{"line":3,"column":2},"end":{"line":3,"column":39}},"2":{"start":{"line":4,"column":2},"end":{"line":4,"column":32}},"3":{"start":{"line":5,"column":2},"end":{"line":5,"column":12}},"4":{"start":{"line":8,"column":0},"end":{"line":8,"column":34}}},"fnMap":{"0":{"name":"renderHeader","decl":{"start":{"line":1,"column":9},"end":{"line":1,"column":21}},"loc":{"start":{"line":1,"column":32},"end":{"line":6,"column":1}},"line":1}},"branchMap":{},"s":{"0":2,"1":2,"2":2,"3":2,"4":1},"f":{"0":2},"b":{},"_coverageSchema":"1a1c01bbd47fc00a2c39e90264f33305004495a9","hash":"e73b5fba81f56ee90eaea03318f0adb6e95ce0b2"}
,"/Users/gink/Documents/QA Course/Github/courses/quality-courses/02.building-quality-into-code/04-test-pyramid/cart.js": {"path":"/Users/gink/Documents/QA Course/Github/courses/quality-courses/02.building-quality-into-code/04-test-pyramid/cart.js","statementMap":{"0":{"start":{"line":3,"column":2},"end":{"line":3,"column":78}},"1":{"start":{"line":3,"column":39},"end":{"line":3,"column":73}},"2":{"start":{"line":8,"column":2},"end":{"line":8,"column":35}},"3":{"start":{"line":11,"column":0},"end":{"line":11,"column":50}}},"fnMap":{"0":{"name":"calculateCartTotal","decl":{"start":{"line":2,"column":9},"end":{"line":2,"column":27}},"loc":{"start":{"line":2,"column":35},"end":{"line":4,"column":1}},"line":2},"1":{"name":"(anonymous_1)","decl":{"start":{"line":3,"column":22},"end":{"line":3,"column":23}},"loc":{"start":{"line":3,"column":39},"end":{"line":3,"column":73}},"line":3},"2":{"name":"saveCart","decl":{"start":{"line":6,"column":15},"end":{"line":6,"column":23}},"loc":{"start":{"line":6,"column":40},"end":{"line":9,"column":1}},"line":6}},"branchMap":{},"s":{"0":2,"1":4,"2":2,"3":1},"f":{"0":2,"1":4,"2":2},"b":{},"_coverageSchema":"1a1c01bbd47fc00a2c39e90264f33305004495a9","hash":"f94fa95d5dc1cdc3e5436d47432641eab62b5f55"}
,"/Users/gink/Documents/QA Course/Github/courses/quality-courses/02.building-quality-into-code/05-write-tests/good_example.js": {"path":"/Users/gink/Documents/QA Course/Github/courses/quality-courses/02.building-quality-into-code/05-write-tests/good_example.js","statementMap":{"0":{"start":{"line":2,"column":15},"end":{"line":2,"column":49}},"1":{"start":{"line":3,"column":2},"end":{"line":3,"column":35}},"2":{"start":{"line":7,"column":2},"end":{"line":7,"column":28}},"3":{"start":{"line":14,"column":0},"end":{"line":14,"column":55}}},"fnMap":{"0":{"name":"getWeatherGood","decl":{"start":{"line":1,"column":15},"end":{"line":1,"column":29}},"loc":{"start":{"line":1,"column":47},"end":{"line":4,"column":1}},"line":1},"1":{"name":"calculateDiscount","decl":{"start":{"line":6,"column":9},"end":{"line":6,"column":26}},"loc":{"start":{"line":6,"column":40},"end":{"line":8,"column":1}},"line":6},"2":{"name":"calculateTax","decl":{"start":{"line":10,"column":9},"end":{"line":10,"column":21}},"loc":{"start":{"line":10,"column":38},"end":{"line":12,"column":1}},"line":10}},"branchMap":{},"s":{"0":1,"1":1,"2":2,"3":1},"f":{"0":1,"1":2,"2":0},"b":{},"_coverageSchema":"1a1c01bbd47fc00a2c39e90264f33305004495a9","hash":"98d613bfb5f7b3c6282cbca9c747f3fe237d3d15"}
}
