TN:
SF:01-refactor-to-testable/good_example.js
FN:2,getWeatherGood
FNF:1
FNH:1
FNDA:1,getWeatherGood
DA:3,1
DA:4,1
DA:7,1
LF:3
LH:3
BRF:0
BRH:0
end_of_record
TN:
SF:02-aaa-pattern/calculator.js
FN:1,add
FNF:1
FNH:1
FNDA:1,add
DA:1,1
DA:3,1
LF:2
LH:2
BRF:0
BRH:0
end_of_record
TN:
SF:03-avoid-brittle/ui.js
FN:1,renderHeader
FNF:1
FNH:1
FNDA:2,renderHeader
DA:2,2
DA:3,2
DA:4,2
DA:5,2
DA:8,1
LF:5
LH:5
BRF:0
BRH:0
end_of_record
TN:
SF:04-test-pyramid/cart.js
FN:2,calculateCartTotal
FN:3,(anonymous_1)
FN:6,saveCart
FNF:3
FNH:3
FNDA:2,calculateCartTotal
FNDA:4,(anonymous_1)
FNDA:2,saveCart
DA:3,4
DA:8,2
DA:11,1
LF:3
LH:3
BRF:0
BRH:0
end_of_record
TN:
SF:05-write-tests/good_example.js
FN:1,getWeatherGood
FN:6,calculateDiscount
FN:10,calculateTax
FNF:3
FNH:2
FNDA:1,getWeatherGood
FNDA:2,calculateDiscount
FNDA:0,calculateTax
DA:2,1
DA:3,1
DA:7,2
DA:14,1
LF:4
LH:4
BRF:0
BRH:0
end_of_record
